{"meta": {"format": 3, "version": "7.14.3", "timestamp": "2026-06-23T14:01:58.279778", "branch_coverage": false, "show_contexts": false}, "files": {"main.py": {"executed_lines": [2, 3, 4, 5, 6, 7, 9, 10, 11, 12, 14, 16, 17, 18, 20, 23, 24, 26, 27, 28, 29, 32, 34, 42, 43, 47, 48, 49, 58, 59, 61, 64, 65, 66, 67, 70, 73, 74, 75, 76, 79, 80, 83, 84, 85, 86, 91, 92, 95, 96, 97, 100, 101, 107, 108, 109], "summary": {"covered_lines": 56, "num_statements": 59, "percent_covered": 94.91525423728814, "percent_covered_display": "95", "missing_lines": 3, "excluded_lines": 0, "percent_statements_covered": 94.91525423728814, "percent_statements_covered_display": "95"}, "missing_lines": [44, 103, 104], "excluded_lines": [], "functions": {"lifespan": {"executed_lines": [26, 27, 28, 29], "summary": {"covered_lines": 4, "num_statements": 4, "percent_covered": 100.0, "percent_covered_display": "100", "missing_lines": 0, "excluded_lines": 0, "percent_statements_covered": 100.0, "percent_statements_covered_display": "100"}, "missing_lines": [], "excluded_lines": [], "start_line": 24}, "get_full_analysis": {"executed_lines": [], "summary": {"covered_lines": 0, "num_statements": 1, "percent_covered": 0.0, "percent_covered_display": "0", "missing_lines": 1, "excluded_lines": 0, "percent_statements_covered": 0.0, "percent_statements_covered_display": "0"}, "missing_lines": [44], "excluded_lines": [], "start_line": 43}, "list_conflicts": {"executed_lines": [49], "summary": {"covered_lines": 1, "num_statements": 1, "percent_covered": 100.0, "percent_covered_display": "100", "missing_lines": 0, "excluded_lines": 0, "percent_statements_covered": 100.0, "percent_statements_covered_display": "100"}, "missing_lines": [], "excluded_lines": [], "start_line": 48}, "get_usage": {"executed_lines": [61], "summary": {"covered_lines": 1, "num_statements": 1, "percent_covered": 100.0, "percent_covered_display": "100", "missing_lines": 0, "excluded_lines": 0, "percent_statements_covered": 100.0, "percent_statements_covered_display": "100"}, "missing_lines": [], "excluded_lines": [], "start_line": 59}, "load_resolutions": {"executed_lines": [74, 75, 76], "summary": {"covered_lines": 3, "num_statements": 3, "percent_covered": 100.0, "percent_covered_display": "100", "missing_lines": 0, "excluded_lines": 0, "percent_statements_covered": 100.0, "percent_statements_covered_display": "100"}, "missing_lines": [], "excluded_lines": [], "start_line": 73}, "save_resolutions": {"executed_lines": [80], "summary": {"covered_lines": 1, "num_statements": 1, "percent_covered": 100.0, "percent_covered_display": "100", "missing_lines": 0, "excluded_lines": 0, "percent_statements_covered": 100.0, "percent_statements_covered_display": "100"}, "missing_lines": [], "excluded_lines": [], "start_line": 79}, "resolve_conflict": {"executed_lines": [85, 86, 91, 92], "summary": {"covered_lines": 4, "num_statements": 4, "percent_covered": 100.0, "percent_covered_display": "100", "missing_lines": 0, "excluded_lines": 0, "percent_statements_covered": 100.0, "percent_statements_covered_display": "100"}, "missing_lines": [], "excluded_lines": [], "start_line": 84}, "get_resolutions": {"executed_lines": [97], "summary": {"covered_lines": 1, "num_statements": 1, "percent_covered": 100.0, "percent_covered_display": "100", "missing_lines": 0, "excluded_lines": 0, "percent_statements_covered": 100.0, "percent_statements_covered_display": "100"}, "missing_lines": [], "excluded_lines": [], "start_line": 96}, "reanalyze": {"executed_lines": [], "summary": {"covered_lines": 0, "num_statements": 2, "percent_covered": 0.0, "percent_covered_display": "0", "missing_lines": 2, "excluded_lines": 0, "percent_statements_covered": 0.0, "percent_statements_covered_display": "0"}, "missing_lines": [103, 104], "excluded_lines": [], "start_line": 101}, "health": {"executed_lines": [109], "summary": {"covered_lines": 1, "num_statements": 1, "percent_covered": 100.0, "percent_covered_display": "100", "missing_lines": 0, "excluded_lines": 0, "percent_statements_covered": 100.0, "percent_statements_covered_display": "100"}, "missing_lines": [], "excluded_lines": [], "start_line": 108}, "": {"executed_lines": [2, 3, 4, 5, 6, 7, 9, 10, 11, 12, 14, 16, 17, 18, 20, 23, 24, 32, 34, 42, 43, 47, 48, 58, 59, 64, 65, 66, 67, 70, 73, 79, 83, 84, 95, 96, 100, 101, 107, 108], "summary": {"covered_lines": 40, "num_statements": 40, "percent_covered": 100.0, "percent_covered_display": "100", "missing_lines": 0, "excluded_lines": 0, "percent_statements_covered": 100.0, "percent_statements_covered_display": "100"}, "missing_lines": [], "excluded_lines": [], "start_line": 1}}, "classes": {"ResolutionPayload": {"executed_lines": [], "summary": {"covered_lines": 0, "num_statements": 0, "percent_covered": 100.0, "percent_covered_display": "100", "missing_lines": 0, "excluded_lines": 0, "percent_statements_covered": 100.0, "percent_statements_covered_display": "100"}, "missing_lines": [], "excluded_lines": [], "start_line": 64}, "": {"executed_lines": [2, 3, 4, 5, 6, 7, 9, 10, 11, 12, 14, 16, 17, 18, 20, 23, 24, 26, 27, 28, 29, 32, 34, 42, 43, 47, 48, 49, 58, 59, 61, 64, 65, 66, 67, 70, 73, 74, 75, 76, 79, 80, 83, 84, 85, 86, 91, 92, 95, 96, 97, 100, 101, 107, 108, 109], "summary": {"covered_lines": 56, "num_statements": 59, "percent_covered": 94.91525423728814, "percent_covered_display": "95", "missing_lines": 3, "excluded_lines": 0, "percent_statements_covered": 94.91525423728814, "percent_statements_covered_display": "95"}, "missing_lines": [44, 103, 104], "excluded_lines": [], "start_line": 1}}}, "pipeline/__init__.py": {"executed_lines": [8, 9, 11], "summary": {"covered_lines": 3, "num_statements": 3, "percent_covered": 100.0, "percent_covered_display": "100", "missing_lines": 0, "excluded_lines": 0, "percent_statements_covered": 100.0, "percent_statements_covered_display": "100"}, "missing_lines": [], "excluded_lines": [], "functions": {"": {"executed_lines": [8, 9, 11], "summary": {"covered_lines": 3, "num_statements": 3, "percent_covered": 100.0, "percent_covered_display": "100", "missing_lines": 0, "excluded_lines": 0, "percent_statements_covered": 100.0, "percent_statements_covered_display": "100"}, "missing_lines": [], "excluded_lines": [], "start_line": 1}}, "classes": {"": {"executed_lines": [8, 9, 11], "summary": {"covered_lines": 3, "num_statements": 3, "percent_covered": 100.0, "percent_covered_display": "100", "missing_lines": 0, "excluded_lines": 0, "percent_statements_covered": 100.0, "percent_statements_covered_display": "100"}, "missing_lines": [], "excluded_lines": [], "start_line": 1}}}, "pipeline/analyze.py": {"executed_lines": [14, 15, 16, 17, 18, 19, 21, 22, 24, 25, 26, 27, 28, 32, 44, 87, 88, 91, 92, 93, 94, 97, 98, 99, 100, 101, 102, 104, 105, 106, 110, 179, 185, 186, 187, 188, 189, 190, 191, 192, 193, 196, 197, 200, 208, 211, 212, 213, 214, 216], "summary": {"covered_lines": 50, "num_statements": 121, "percent_covered": 41.32231404958678, "percent_covered_display": "41", "missing_lines": 71, "excluded_lines": 0, "percent_statements_covered": 41.32231404958678, "percent_statements_covered_display": "41"}, "missing_lines": [103, 107, 112, 113, 115, 116, 117, 119, 120, 121, 122, 130, 133, 134, 135, 136, 137, 143, 144, 145, 146, 147, 148, 150, 151, 153, 155, 156, 159, 160, 161, 162, 163, 164, 166, 173, 174, 217, 218, 220, 222, 223, 224, 225, 227, 228, 229, 230, 231, 232, 233, 234, 235, 236, 237, 240, 241, 242, 243, 244, 245, 247, 249, 253, 254, 256, 262, 263, 265, 283, 284], "excluded_lines": [], "functions": {"_doc_hash": {"executed_lines": [88], "summary": {"covered_lines": 1, "num_statements": 1, "percent_covered": 100.0, "percent_covered_display": "100", "missing_lines": 0, "excluded_lines": 0, "percent_statements_covered": 100.0, "percent_statements_covered_display": "100"}, "missing_lines": [], "excluded_lines": [], "start_line": 87}, "_pair_cache_path": {"executed_lines": [92, 93, 94], "summary": {"covered_lines": 3, "num_statements": 3, "percent_covered": 100.0, "percent_covered_display": "100", "missing_lines": 0, "excluded_lines": 0, "percent_statements_covered": 100.0, "percent_statements_covered_display": "100"}, "missing_lines": [], "excluded_lines": [], "start_line": 91}, "_extract_json_block": {"executed_lines": [98, 99, 100, 101, 102, 104, 105, 106], "summary": {"covered_lines": 8, "num_statements": 10, "percent_covered": 80.0, "percent_covered_display": "80", "missing_lines": 2, "excluded_lines": 0, "percent_statements_covered": 80.0, "percent_statements_covered_display": "80"}, "missing_lines": [103, 107], "excluded_lines": [], "start_line": 97}, "run_pair": {"executed_lines": [], "summary": {"covered_lines": 0, "num_statements": 35, "percent_covered": 0.0, "percent_covered_display": "0", "missing_lines": 35, "excluded_lines": 0, "percent_statements_covered": 0.0, "percent_statements_covered_display": "0"}, "missing_lines": [112, 113, 115, 116, 117, 119, 120, 121, 122, 130, 133, 134, 135, 136, 137, 143, 144, 145, 146, 147, 148, 150, 151, 153, 155, 156, 159, 160, 161, 162, 163, 164, 166, 173, 174], "excluded_lines": [], "start_line": 110}, "cluster_pairs": {"executed_lines": [185, 186, 187, 188, 189, 190, 191, 192, 193], "summary": {"covered_lines": 9, "num_statements": 9, "percent_covered": 100.0, "percent_covered_display": "100", "missing_lines": 0, "excluded_lines": 0, "percent_statements_covered": 100.0, "percent_statements_covered_display": "100"}, "missing_lines": [], "excluded_lines": [], "start_line": 179}, "all_pair_caches_exist": {"executed_lines": [197], "summary": {"covered_lines": 1, "num_statements": 1, "percent_covered": 100.0, "percent_covered_display": "100", "missing_lines": 0, "excluded_lines": 0, "percent_statements_covered": 100.0, "percent_statements_covered_display": "100"}, "missing_lines": [], "excluded_lines": [], "start_line": 196}, "get_analysis": {"executed_lines": [208, 211, 212, 213, 214, 216], "summary": {"covered_lines": 6, "num_statements": 40, "percent_covered": 15.0, "percent_covered_display": "15", "missing_lines": 34, "excluded_lines": 0, "percent_statements_covered": 15.0, "percent_statements_covered_display": "15"}, "missing_lines": [217, 218, 220, 222, 223, 224, 225, 227, 228, 229, 230, 231, 232, 233, 234, 235, 236, 237, 240, 241, 242, 243, 244, 245, 247, 249, 253, 254, 256, 262, 263, 265, 283, 284], "excluded_lines": [], "start_line": 200}, "": {"executed_lines": [14, 15, 16, 17, 18, 19, 21, 22, 24, 25, 26, 27, 28, 32, 44, 87, 91, 97, 110, 179, 196, 200], "summary": {"covered_lines": 22, "num_statements": 22, "percent_covered": 100.0, "percent_covered_display": "100", "missing_lines": 0, "excluded_lines": 0, "percent_statements_covered": 100.0, "percent_statements_covered_display": "100"}, "missing_lines": [], "excluded_lines": [], "start_line": 1}}, "classes": {"": {"executed_lines": [14, 15, 16, 17, 18, 19, 21, 22, 24, 25, 26, 27, 28, 32, 44, 87, 88, 91, 92, 93, 94, 97, 98, 99, 100, 101, 102, 104, 105, 106, 110, 179, 185, 186, 187, 188, 189, 190, 191, 192, 193, 196, 197, 200, 208, 211, 212, 213, 214, 216], "summary": {"covered_lines": 50, "num_statements": 121, "percent_covered": 41.32231404958678, "percent_covered_display": "41", "missing_lines": 71, "excluded_lines": 0, "percent_statements_covered": 41.32231404958678, "percent_statements_covered_display": "41"}, "missing_lines": [103, 107, 112, 113, 115, 116, 117, 119, 120, 121, 122, 130, 133, 134, 135, 136, 137, 143, 144, 145, 146, 147, 148, 150, 151, 153, 155, 156, 159, 160, 161, 162, 163, 164, 166, 173, 174, 217, 218, 220, 222, 223, 224, 225, 227, 228, 229, 230, 231, 232, 233, 234, 235, 236, 237, 240, 241, 242, 243, 244, 245, 247, 249, 253, 254, 256, 262, 263, 265, 283, 284], "excluded_lines": [], "start_line": 1}}}, "pipeline/config.py": {"executed_lines": [8, 11, 12, 14, 15, 18, 19, 20, 22, 23, 24, 25, 27], "summary": {"covered_lines": 13, "num_statements": 13, "percent_covered": 100.0, "percent_covered_display": "100", "missing_lines": 0, "excluded_lines": 0, "percent_statements_covered": 100.0, "percent_statements_covered_display": "100"}, "missing_lines": [], "excluded_lines": [], "functions": {"": {"executed_lines": [8, 11, 12, 14, 15, 18, 19, 20, 22, 23, 24, 25, 27], "summary": {"covered_lines": 13, "num_statements": 13, "percent_covered": 100.0, "percent_covered_display": "100", "missing_lines": 0, "excluded_lines": 0, "percent_statements_covered": 100.0, "percent_statements_covered_display": "100"}, "missing_lines": [], "excluded_lines": [], "start_line": 1}}, "classes": {"": {"executed_lines": [8, 11, 12, 14, 15, 18, 19, 20, 22, 23, 24, 25, 27], "summary": {"covered_lines": 13, "num_statements": 13, "percent_covered": 100.0, "percent_covered_display": "100", "missing_lines": 0, "excluded_lines": 0, "percent_statements_covered": 100.0, "percent_statements_covered_display": "100"}, "missing_lines": [], "excluded_lines": [], "start_line": 1}}}, "pipeline/docs_meta.py": {"executed_lines": [11], "summary": {"covered_lines": 1, "num_statements": 1, "percent_covered": 100.0, "percent_covered_display": "100", "missing_lines": 0, "excluded_lines": 0, "percent_statements_covered": 100.0, "percent_statements_covered_display": "100"}, "missing_lines": [], "excluded_lines": [], "functions": {"": {"executed_lines": [11], "summary": {"covered_lines": 1, "num_statements": 1, "percent_covered": 100.0, "percent_covered_display": "100", "missing_lines": 0, "excluded_lines": 0, "percent_statements_covered": 100.0, "percent_statements_covered_display": "100"}, "missing_lines": [], "excluded_lines": [], "start_line": 1}}, "classes": {"": {"executed_lines": [11], "summary": {"covered_lines": 1, "num_statements": 1, "percent_covered": 100.0, "percent_covered_display": "100", "missing_lines": 0, "excluded_lines": 0, "percent_statements_covered": 100.0, "percent_statements_covered_display": "100"}, "missing_lines": [], "excluded_lines": [], "start_line": 1}}}, "pipeline/extract.py": {"executed_lines": [18, 19, 20, 22, 24, 25, 28, 34, 35, 36, 37, 38, 39, 42, 44, 45, 46, 47, 55, 56, 57, 58, 59, 60, 61, 62, 63, 70, 71, 74, 76, 77, 79, 80, 83, 88], "summary": {"covered_lines": 36, "num_statements": 44, "percent_covered": 81.81818181818181, "percent_covered_display": "82", "missing_lines": 8, "excluded_lines": 1, "percent_statements_covered": 81.81818181818181, "percent_statements_covered_display": "82"}, "missing_lines": [81, 82, 84, 85, 89, 90, 91, 92], "excluded_lines": [1], "functions": {"discover_pdfs": {"executed_lines": [34, 35, 36, 37, 38, 39], "summary": {"covered_lines": 6, "num_statements": 6, "percent_covered": 100.0, "percent_covered_display": "100", "missing_lines": 0, "excluded_lines": 0, "percent_statements_covered": 100.0, "percent_statements_covered_display": "100"}, "missing_lines": [], "excluded_lines": [], "start_line": 28}, "extract_all": {"executed_lines": [44, 45, 46, 47, 55, 56, 57, 58, 59, 60, 61, 62, 63, 70, 71], "summary": {"covered_lines": 15, "num_statements": 15, "percent_covered": 100.0, "percent_covered_display": "100", "missing_lines": 0, "excluded_lines": 0, "percent_statements_covered": 100.0, "percent_statements_covered_display": "100"}, "missing_lines": [], "excluded_lines": [], "start_line": 42}, "get_extracted": {"executed_lines": [76, 77, 79, 80, 83], "summary": {"covered_lines": 5, "num_statements": 9, "percent_covered": 55.55555555555556, "percent_covered_display": "56", "missing_lines": 4, "excluded_lines": 0, "percent_statements_covered": 55.55555555555556, "percent_statements_covered_display": "56"}, "missing_lines": [81, 82, 84, 85], "excluded_lines": [], "start_line": 74}, "_extract_and_cache": {"executed_lines": [], "summary": {"covered_lines": 0, "num_statements": 4, "percent_covered": 0.0, "percent_covered_display": "0", "missing_lines": 4, "excluded_lines": 0, "percent_statements_covered": 0.0, "percent_statements_covered_display": "0"}, "missing_lines": [89, 90, 91, 92], "excluded_lines": [], "start_line": 88}, "": {"executed_lines": [18, 19, 20, 22, 24, 25, 28, 42, 74, 88], "summary": {"covered_lines": 10, "num_statements": 10, "percent_covered": 100.0, "percent_covered_display": "100", "missing_lines": 0, "excluded_lines": 1, "percent_statements_covered": 100.0, "percent_statements_covered_display": "100"}, "missing_lines": [], "excluded_lines": [1], "start_line": 1}}, "classes": {"": {"executed_lines": [18, 19, 20, 22, 24, 25, 28, 34, 35, 36, 37, 38, 39, 42, 44, 45, 46, 47, 55, 56, 57, 58, 59, 60, 61, 62, 63, 70, 71, 74, 76, 77, 79, 80, 83, 88], "summary": {"covered_lines": 36, "num_statements": 44, "percent_covered": 81.81818181818181, "percent_covered_display": "82", "missing_lines": 8, "excluded_lines": 1, "percent_statements_covered": 81.81818181818181, "percent_statements_covered_display": "82"}, "missing_lines": [81, 82, 84, 85, 89, 90, 91, 92], "excluded_lines": [1], "start_line": 1}}}, "pipeline/grounding.py": {"executed_lines": [8, 10, 14, 15, 18, 20, 21, 24, 30, 31, 32, 33, 34, 35, 36, 37, 38, 39, 40, 41, 42, 43, 44], "summary": {"covered_lines": 23, "num_statements": 23, "percent_covered": 100.0, "percent_covered_display": "100", "missing_lines": 0, "excluded_lines": 0, "percent_statements_covered": 100.0, "percent_statements_covered_display": "100"}, "missing_lines": [], "excluded_lines": [], "functions": {"normalise": {"executed_lines": [20, 21], "summary": {"covered_lines": 2, "num_statements": 2, "percent_covered": 100.0, "percent_covered_display": "100", "missing_lines": 0, "excluded_lines": 0, "percent_statements_covered": 100.0, "percent_statements_covered_display": "100"}, "missing_lines": [], "excluded_lines": [], "start_line": 18}, "verify_quotes": {"executed_lines": [30, 31, 32, 33, 34, 35, 36, 37, 38, 39, 40, 41, 42, 43, 44], "summary": {"covered_lines": 15, "num_statements": 15, "percent_covered": 100.0, "percent_covered_display": "100", "missing_lines": 0, "excluded_lines": 0, "percent_statements_covered": 100.0, "percent_statements_covered_display": "100"}, "missing_lines": [], "excluded_lines": [], "start_line": 24}, "": {"executed_lines": [8, 10, 14, 15, 18, 24], "summary": {"covered_lines": 6, "num_statements": 6, "percent_covered": 100.0, "percent_covered_display": "100", "missing_lines": 0, "excluded_lines": 0, "percent_statements_covered": 100.0, "percent_statements_covered_display": "100"}, "missing_lines": [], "excluded_lines": [], "start_line": 1}}, "classes": {"": {"executed_lines": [8, 10, 14, 15, 18, 20, 21, 24, 30, 31, 32, 33, 34, 35, 36, 37, 38, 39, 40, 41, 42, 43, 44], "summary": {"covered_lines": 23, "num_statements": 23, "percent_covered": 100.0, "percent_covered_display": "100", "missing_lines": 0, "excluded_lines": 0, "percent_statements_covered": 100.0, "percent_statements_covered_display": "100"}, "missing_lines": [], "excluded_lines": [], "start_line": 1}}}, "pipeline/run.py": {"executed_lines": [8, 10, 13, 14, 15, 16, 17, 18, 19, 20, 21, 24], "summary": {"covered_lines": 12, "num_statements": 13, "percent_covered": 92.3076923076923, "percent_covered_display": "92", "missing_lines": 1, "excluded_lines": 0, "percent_statements_covered": 92.3076923076923, "percent_statements_covered_display": "92"}, "missing_lines": [25], "excluded_lines": [], "functions": {"main": {"executed_lines": [14, 15, 16, 17, 18, 19, 20, 21], "summary": {"covered_lines": 8, "num_statements": 8, "percent_covered": 100.0, "percent_covered_display": "100", "missing_lines": 0, "excluded_lines": 0, "percent_statements_covered": 100.0, "percent_statements_covered_display": "100"}, "missing_lines": [], "excluded_lines": [], "start_line": 13}, "": {"executed_lines": [8, 10, 13, 24], "summary": {"covered_lines": 4, "num_statements": 5, "percent_covered": 80.0, "percent_covered_display": "80", "missing_lines": 1, "excluded_lines": 0, "percent_statements_covered": 80.0, "percent_statements_covered_display": "80"}, "missing_lines": [25], "excluded_lines": [], "start_line": 1}}, "classes": {"": {"executed_lines": [8, 10, 13, 14, 15, 16, 17, 18, 19, 20, 21, 24], "summary": {"covered_lines": 12, "num_statements": 13, "percent_covered": 92.3076923076923, "percent_covered_display": "92", "missing_lines": 1, "excluded_lines": 0, "percent_statements_covered": 92.3076923076923, "percent_statements_covered_display": "92"}, "missing_lines": [25], "excluded_lines": [], "start_line": 1}}}, "pipeline/schema.py": {"executed_lines": [7, 9, 12, 13, 14, 15, 16, 19, 20, 21, 22, 23, 24, 25, 26, 27, 28, 29, 31, 32, 33, 34, 37, 38], "summary": {"covered_lines": 24, "num_statements": 24, "percent_covered": 100.0, "percent_covered_display": "100", "missing_lines": 0, "excluded_lines": 0, "percent_statements_covered": 100.0, "percent_statements_covered_display": "100"}, "missing_lines": [], "excluded_lines": [], "functions": {"Conflict.normalise_severity": {"executed_lines": [34], "summary": {"covered_lines": 1, "num_statements": 1, "percent_covered": 100.0, "percent_covered_display": "100", "missing_lines": 0, "excluded_lines": 0, "percent_statements_covered": 100.0, "percent_statements_covered_display": "100"}, "missing_lines": [], "excluded_lines": [], "start_line": 33}, "": {"executed_lines": [7, 9, 12, 13, 14, 15, 16, 19, 20, 21, 22, 23, 24, 25, 26, 27, 28, 29, 31, 32, 33, 37, 38], "summary": {"covered_lines": 23, "num_statements": 23, "percent_covered": 100.0, "percent_covered_display": "100", "missing_lines": 0, "excluded_lines": 0, "percent_statements_covered": 100.0, "percent_statements_covered_display": "100"}, "missing_lines": [], "excluded_lines": [], "start_line": 1}}, "classes": {"ConflictSource": {"executed_lines": [], "summary": {"covered_lines": 0, "num_statements": 0, "percent_covered": 100.0, "percent_covered_display": "100", "missing_lines": 0, "excluded_lines": 0, "percent_statements_covered": 100.0, "percent_statements_covered_display": "100"}, "missing_lines": [], "excluded_lines": [], "start_line": 12}, "Conflict": {"executed_lines": [34], "summary": {"covered_lines": 1, "num_statements": 1, "percent_covered": 100.0, "percent_covered_display": "100", "missing_lines": 0, "excluded_lines": 0, "percent_statements_covered": 100.0, "percent_statements_covered_display": "100"}, "missing_lines": [], "excluded_lines": [], "start_line": 19}, "PairResult": {"executed_lines": [], "summary": {"covered_lines": 0, "num_statements": 0, "percent_covered": 100.0, "percent_covered_display": "100", "missing_lines": 0, "excluded_lines": 0, "percent_statements_covered": 100.0, "percent_statements_covered_display": "100"}, "missing_lines": [], "excluded_lines": [], "start_line": 37}, "": {"executed_lines": [7, 9, 12, 13, 14, 15, 16, 19, 20, 21, 22, 23, 24, 25, 26, 27, 28, 29, 31, 32, 33, 37, 38], "summary": {"covered_lines": 23, "num_statements": 23, "percent_covered": 100.0, "percent_covered_display": "100", "missing_lines": 0, "excluded_lines": 0, "percent_statements_covered": 100.0, "percent_statements_covered_display": "100"}, "missing_lines": [], "excluded_lines": [], "start_line": 1}}}, "pipeline/usage.py": {"executed_lines": [7, 8, 10, 12, 15, 17, 21, 29, 30, 31, 34, 36, 37, 39, 40], "summary": {"covered_lines": 15, "num_statements": 15, "percent_covered": 100.0, "percent_covered_display": "100", "missing_lines": 0, "excluded_lines": 0, "percent_statements_covered": 100.0, "percent_statements_covered_display": "100"}, "missing_lines": [], "excluded_lines": [], "functions": {"log_usage": {"executed_lines": [17, 21, 29, 30, 31], "summary": {"covered_lines": 5, "num_statements": 5, "percent_covered": 100.0, "percent_covered_display": "100", "missing_lines": 0, "excluded_lines": 0, "percent_statements_covered": 100.0, "percent_statements_covered_display": "100"}, "missing_lines": [], "excluded_lines": [], "start_line": 15}, "read_usage_log": {"executed_lines": [36, 37, 39, 40], "summary": {"covered_lines": 4, "num_statements": 4, "percent_covered": 100.0, "percent_covered_display": "100", "missing_lines": 0, "excluded_lines": 0, "percent_statements_covered": 100.0, "percent_statements_covered_display": "100"}, "missing_lines": [], "excluded_lines": [], "start_line": 34}, "": {"executed_lines": [7, 8, 10, 12, 15, 34], "summary": {"covered_lines": 6, "num_statements": 6, "percent_covered": 100.0, "percent_covered_display": "100", "missing_lines": 0, "excluded_lines": 0, "percent_statements_covered": 100.0, "percent_statements_covered_display": "100"}, "missing_lines": [], "excluded_lines": [], "start_line": 1}}, "classes": {"": {"executed_lines": [7, 8, 10, 12, 15, 17, 21, 29, 30, 31, 34, 36, 37, 39, 40], "summary": {"covered_lines": 15, "num_statements": 15, "percent_covered": 100.0, "percent_covered_display": "100", "missing_lines": 0, "excluded_lines": 0, "percent_statements_covered": 100.0, "percent_statements_covered_display": "100"}, "missing_lines": [], "excluded_lines": [], "start_line": 1}}}}, "totals": {"covered_lines": 233, "num_statements": 316, "percent_covered": 73.73417721518987, "percent_covered_display": "74", "missing_lines": 83, "excluded_lines": 1, "percent_statements_covered": 73.73417721518987, "percent_statements_covered_display": "74"}}